<?xml version="1.0" encoding="UTF-8"?>
<!-- Generated by org.testng.reporters.JUnitXMLReporter -->
<testsuite hostname="SriGuhan" ignored="0" name="Rest Assured testcases chrome" tests="21" failures="0" timestamp="2022-05-20T13:04:50 EDT" time="4.473" errors="0">
  <testcase name="checkcontentType" time="0.03" classname="JobsApi.TC1_Get_jobs"/>
  <testcase name="checkresponsebody" time="0.016" classname="JobsApi.TC1_Get_jobs"/>
  <testcase name="checkresponsetime" time="0.002" classname="JobsApi.TC1_Get_jobs"/>
  <testcase name="checkserverType" time="0.001" classname="JobsApi.TC1_Get_jobs"/>
  <testcase name="checkstatuscode" time="0.001" classname="JobsApi.TC1_Get_jobs"/>
  <testcase name="checkstatusline" time="0.001" classname="JobsApi.TC1_Get_jobs"/>
  <testcase name="jasonschema" time="0.409" classname="JobsApi.TC1_Get_jobs"/>
  <testcase name="postnewjob" time="0.144" classname="JobsApi.TC5_Datadriventesting"/>
  <testcase name="postnewjob" time="0.11" classname="JobsApi.TC5_Datadriventesting"/>
  <testcase name="postnewjob" time="0.113" classname="JobsApi.TC5_Datadriventesting"/>
  <testcase name="postnewjob" time="0.107" classname="JobsApi.TC5_Datadriventesting"/>
  <testcase name="postnewjob" time="0.119" classname="JobsApi.TC5_Datadriventesting"/>
  <testcase name="postnewjob" time="0.112" classname="JobsApi.TC5_Datadriventesting"/>
  <testcase name="postnewjob" time="0.123" classname="JobsApi.TC5_Datadriventesting"/>
  <testcase name="postnewjob" time="0.111" classname="JobsApi.TC5_Datadriventesting"/>
  <testcase name="postnewjob" time="0.115" classname="JobsApi.TC5_Datadriventesting"/>
  <testcase name="postnewjob" time="0.126" classname="JobsApi.TC5_Datadriventesting"/>
  <testcase name="postnewjob" time="0.103" classname="JobsApi.TC5_Datadriventesting"/>
  <testcase name="postnewjob" time="0.107" classname="JobsApi.TC5_Datadriventesting"/>
  <testcase name="putjob" time="0.109" classname="JobsApi.TC3_put_jobs"/>
  <testcase name="deletejob" time="0.113" classname="JobsApi.TC5_delete"/>
</testsuite> <!-- Rest Assured testcases chrome -->
